<?xml version="1.0" encoding="UTF-8"?>
<TestRun id="806b21b9-c87b-491d-8e43-e31c9b8d3ae8" name="Ryo@RYO-PC 2011-08-30 16:09:31" runUser="Ryo-PC\Ryo" xmlns="http://microsoft.com/schemas/VisualStudio/TeamTest/2010">
  <TestSettings name="Local" id="a2db67e9-9c82-413a-a805-f6c4d1a90c92">
    <Description>These are default test settings for a local test run.</Description>
    <Deployment enabled="false" runDeploymentRoot="Ryo_RYO-PC 2011-08-30 16_09_31">
      <DeploymentItem filename="D:\Git Repository\eCommerce-MVC-Web-Programing\eCommerce\eCommerce.WebUI\bin\eCommerce.WebUI.dll" />
    </Deployment>
    <Execution>
      <TestTypeSpecific />
      <AgentRule name="Execution Agents">
      </AgentRule>
    </Execution>
  </TestSettings>
  <Times creation="2011-08-30T16:09:31.5042957+07:00" queuing="2011-08-30T16:09:43.5409842+07:00" start="2011-08-30T16:09:44.0690144+07:00" finish="2011-08-30T16:09:45.6511049+07:00" />
  <ResultSummary outcome="Completed">
    <Counters total="1" executed="1" passed="1" error="0" failed="0" timeout="0" aborted="0" inconclusive="0" passedButRunAborted="0" notRunnable="0" notExecuted="0" disconnected="0" warning="0" completed="0" inProgress="0" pending="0" />
  </ResultSummary>
  <TestDefinitions>
    <UnitTest name="TestMethod1" storage="d:\git repository\ecommerce-mvc-web-programing\ecommerce\ecommerce.unittests\bin\debug\ecommerce.unittests.dll" id="6b2189bb-31f9-d646-dd3a-d584bfed093b">
      <Execution id="fbd1b35c-dd9c-4d56-8fdc-f7f96783ee56" />
      <TestMethod codeBase="D:/Git Repository/eCommerce-MVC-Web-Programing/eCommerce/eCommerce.UnitTests/bin/Debug/eCommerce.UnitTests.DLL" adapterTypeName="Microsoft.VisualStudio.TestTools.TestTypes.Unit.UnitTestAdapter, Microsoft.VisualStudio.QualityTools.Tips.UnitTest.Adapter, Version=10.0.0.0, Culture=neutral, PublicKeyToken=b03f5f7f11d50a3a" className="eCommerce.UnitTests.UnitTest, eCommerce.UnitTests, Version=1.0.0.0, Culture=neutral, PublicKeyToken=null" name="TestMethod1" />
    </UnitTest>
  </TestDefinitions>
  <TestLists>
    <TestList name="Results Not in a List" id="8c84fa94-04c1-424b-9868-57a2d4851a1d" />
    <TestList name="All Loaded Results" id="19431567-8539-422a-85d7-44ee4e166bda" />
  </TestLists>
  <TestEntries>
    <TestEntry testId="6b2189bb-31f9-d646-dd3a-d584bfed093b" executionId="fbd1b35c-dd9c-4d56-8fdc-f7f96783ee56" testListId="8c84fa94-04c1-424b-9868-57a2d4851a1d" />
  </TestEntries>
  <Results>
    <UnitTestResult executionId="fbd1b35c-dd9c-4d56-8fdc-f7f96783ee56" testId="6b2189bb-31f9-d646-dd3a-d584bfed093b" testName="TestMethod1" computerName="RYO-PC" duration="00:00:00.0184788" startTime="2011-08-30T16:09:44.2020220+07:00" endTime="2011-08-30T16:09:45.4500934+07:00" testType="13cdc9d9-ddb5-4fa4-a97d-d965ccfc6d4b" outcome="Passed" testListId="8c84fa94-04c1-424b-9868-57a2d4851a1d" relativeResultsDirectory="fbd1b35c-dd9c-4d56-8fdc-f7f96783ee56">
    </UnitTestResult>
  </Results>
</TestRun>